Notice: Output directory `docs' does not exist. I have created it for you.
Searching for include files...
Searching for example files...
Searching for images...
Searching for dot files...
Searching for msc files...
Searching for files to exclude
Searching for files to process...
Searching for files in directory /home/students/hnain/Documents/CS253/p4
Searching for files in directory /home/students/hnain/Documents/CS253/p4/docs
Searching for files in directory /home/students/hnain/Documents/CS253/p4/sample-input
Searching for files in directory /home/students/hnain/Documents/CS253/p4/sample-output
Reading and parsing tag files
Preprocessing /home/students/hnain/Documents/CS253/p4/common.h...
Parsing file /home/students/hnain/Documents/CS253/p4/common.h...
Preprocessing /home/students/hnain/Documents/CS253/p4/List.c...
Parsing file /home/students/hnain/Documents/CS253/p4/List.c...
Reading /home/students/hnain/Documents/CS253/p4/List.d...
Parsing file /home/students/hnain/Documents/CS253/p4/List.d...
Preprocessing /home/students/hnain/Documents/CS253/p4/List.h...
Parsing file /home/students/hnain/Documents/CS253/p4/List.h...
Preprocessing /home/students/hnain/Documents/CS253/p4/Node.c...
Parsing file /home/students/hnain/Documents/CS253/p4/Node.c...
Reading /home/students/hnain/Documents/CS253/p4/Node.d...
Parsing file /home/students/hnain/Documents/CS253/p4/Node.d...
Preprocessing /home/students/hnain/Documents/CS253/p4/Node.h...
Parsing file /home/students/hnain/Documents/CS253/p4/Node.h...
Preprocessing /home/students/hnain/Documents/CS253/p4/RandomTestList.c...
Parsing file /home/students/hnain/Documents/CS253/p4/RandomTestList.c...
Reading /home/students/hnain/Documents/CS253/p4/RandomTestList.d...
Parsing file /home/students/hnain/Documents/CS253/p4/RandomTestList.d...
Preprocessing /home/students/hnain/Documents/CS253/p4/README.dox...
Parsing file /home/students/hnain/Documents/CS253/p4/README.dox...
Preprocessing /home/students/hnain/Documents/CS253/p4/SimpleTestList.c...
Parsing file /home/students/hnain/Documents/CS253/p4/SimpleTestList.c...
Reading /home/students/hnain/Documents/CS253/p4/SimpleTestList.d...
Parsing file /home/students/hnain/Documents/CS253/p4/SimpleTestList.d...
Preprocessing /home/students/hnain/Documents/CS253/p4/UnitTestList.c...
Parsing file /home/students/hnain/Documents/CS253/p4/UnitTestList.c...
Reading /home/students/hnain/Documents/CS253/p4/UnitTestList.d...
Parsing file /home/students/hnain/Documents/CS253/p4/UnitTestList.d...
Preprocessing /home/students/hnain/Documents/CS253/p4/wf.c...
Parsing file /home/students/hnain/Documents/CS253/p4/wf.c...
Preprocessing /home/students/hnain/Documents/CS253/p4/WordObj.c...
Parsing file /home/students/hnain/Documents/CS253/p4/WordObj.c...
Reading /home/students/hnain/Documents/CS253/p4/WordObj.d...
Parsing file /home/students/hnain/Documents/CS253/p4/WordObj.d...
Preprocessing /home/students/hnain/Documents/CS253/p4/WordObj.h...
Parsing file /home/students/hnain/Documents/CS253/p4/WordObj.h...
Building group list...
Building directory list...
Building namespace list...
Building file list...
Building class list...
Associating documentation with classes...
Computing nesting relations for classes...
Building example list...
Searching for enumerations...
Searching for documented typedefs...
Searching for members imported via using declarations...
Searching for included using directives...
Searching for documented variables...
Building member list...
Searching for friends...
Searching for documented defines...
Computing class inheritance relations...
Computing class usage relations...
Flushing cached template relations that have become invalid...
Creating members for template instances...
Computing class relations...
Add enum values to enums...
Searching for member function documentation...
Building page list...
Search for main page...
Computing page relations...
Determining the scope of groups...
Sorting lists...
Freeing entry tree
Determining which enums are documented
Computing member relations...
Building full member lists recursively...
Adding members to member groups.
Computing member references...
Inheriting documentat/home/students/hnain/Documents/CS253/p4/List.c:38: warning: argument 'L' of command @param is not found in the argument list of freeList(const ListPtr list)
/home/students/hnain/Documents/CS253/p4/List.c:38: warning: The following parameters of freeList(const ListPtr list) are not documented:
  parameter 'list'
/home/students/hnain/Documents/CS253/p4/List.c:38: warning: argument 'L' of command @param is not found in the argument list of freeList(const ListPtr list)
/home/students/hnain/Documents/CS253/p4/List.c:38: warning: The following parameters of freeList(const ListPtr list) are not documented:
  parameter 'list'
ion...
Generating disk names...
Adding source references...
Adding xrefitems...
Sorting member lists...
Computing dependencies between directories...
Generating citations page...
Counting data structures...
Resolving user defined references...
Finding anchors and sections in the documentation...
Combining using relations...
Adding members to index pages...
Generating style sheet...
Generating search indices...
Generating example documentation...
Generating file sources...
Generating code for file common.h...
Generating code for file List.h...
Generating code for file Node.h...
Generating code for file WordObj.h...
Generating file documentation...
Generating docs for file common.h...
Generating docs for file List.c...
Generating docs for file List.d...
Generating docs for file List.h...
Generating docs for file Node.c...
Generating docs for file Node.d...
Generating docs for file Node.h...
Generating docs for file RandomTestList.c...
Generating docs for file RandomTestList.d...
Generating docs for file README.dox...
Generating docs for file SimpleTestList.c...
Generating docs for file SimpleTestList.d...
Generating docs for file UnitTestList.c...
Generating docs for file UnitTestList.d...
Generating docs for file wf.c...
Generating docs for file WordObj.c...
Generating docs for file WordObj.d...
Generating docs for file WordObj.h...
Generating page documentation...
Generating group documentation...
Generating class documentation...
Generating docs for compound list...
Generating docs for compound node...
Generating docs for compound word...
Generating namespace index...
Generating graph info page...
Generating directory documentation...
Generating index page...
Generating page index...
Generating module index...
Generating namespace index...
Generating namespace member index...
Generating annotated compound index...
Generating alphabetical compound index...
Generating hierarchical class index...
Generating member index...
Generating file index...
Generating file member index...
Generating example index...
finalizing index lists...
lookup cache used 102/65536 hits=589 misses=108
finished...
